<?xml version="1.0" encoding="UTF-8"?>
<testng-results skipped="0" failed="0" ignored="0" total="1" passed="1">
  <reporter-output>
  </reporter-output>
  <suite name="Default suite" duration-ms="98857" started-at="2021-12-13T17:35:55 IST" finished-at="2021-12-13T17:37:34 IST">
    <groups>
    </groups>
    <test name="Default test" duration-ms="98857" started-at="2021-12-13T17:35:55 IST" finished-at="2021-12-13T17:37:34 IST">
      <class name="com.tbd.test_scripts.SendMail">
        <test-method status="PASS" signature="sendMail()[pri:0, instance:com.tbd.test_scripts.SendMail@1b26f7b2]" name="sendMail" duration-ms="98768" started-at="2021-12-13T17:35:55 IST" finished-at="2021-12-13T17:37:34 IST">
          <reporter-output>
          </reporter-output>
        </test-method> <!-- sendMail -->
      </class> <!-- com.tbd.test_scripts.SendMail -->
    </test> <!-- Default test -->
  </suite> <!-- Default suite -->
</testng-results>
